ARM GAS  C:\Users\jdrd3\AppData\Local\Temp\ccNlMRer.s 			page 1


   1              		.syntax unified
   2              		.cpu cortex-m3
   3              		.fpu softvfp
   4              		.eabi_attribute 20, 1
   5              		.eabi_attribute 21, 1
   6              		.eabi_attribute 23, 3
   7              		.eabi_attribute 24, 1
   8              		.eabi_attribute 25, 1
   9              		.eabi_attribute 26, 1
  10              		.eabi_attribute 30, 1
  11              		.eabi_attribute 34, 1
  12              		.eabi_attribute 18, 4
  13              		.thumb
  14              		.syntax unified
  15              		.file	"main.c"
  16              		.text
  17              	.Ltext0:
  18              		.cfi_sections	.debug_frame
  19              		.section	.text.main,"ax",%progbits
  20              		.align	2
  21              		.global	main
  22              		.thumb
  23              		.thumb_func
  24              		.type	main, %function
  25              	main:
  26              	.LFB63:
  27              		.file 1 "main.c"
   1:main.c        **** /* ========================================
   2:main.c        ****  *
   3:main.c        ****  * Copyright YOUR COMPANY, THE YEAR
   4:main.c        ****  * All Rights Reserved
   5:main.c        ****  * UNPUBLISHED, LICENSED SOFTWARE.
   6:main.c        ****  *
   7:main.c        ****  * CONFIDENTIAL AND PROPRIETARY INFORMATION
   8:main.c        ****  * WHICH IS THE PROPERTY OF your company.
   9:main.c        ****  *
  10:main.c        ****  * ========================================
  11:main.c        **** */
  12:main.c        **** #include "project.h"
  13:main.c        **** 
  14:main.c        **** int main(void){
  28              		.loc 1 14 0
  29              		.cfi_startproc
  30              		@ args = 0, pretend = 0, frame = 0
  31              		@ frame_needed = 0, uses_anonymous_args = 0
  32 0000 10B5     		push	{r4, lr}
  33              		.cfi_def_cfa_offset 8
  34              		.cfi_offset 4, -8
  35              		.cfi_offset 14, -4
  15:main.c        ****     Control_Write(1);
  36              		.loc 1 15 0
  37 0002 0120     		movs	r0, #1
  38 0004 FFF7FEFF 		bl	Control_Write
  39              	.LVL0:
  16:main.c        ****     CyDelay(1000);
  40              		.loc 1 16 0
  41 0008 4FF47A70 		mov	r0, #1000
ARM GAS  C:\Users\jdrd3\AppData\Local\Temp\ccNlMRer.s 			page 2


  42 000c FFF7FEFF 		bl	CyDelay
  43              	.LVL1:
  17:main.c        ****     Control_Write(0);
  44              		.loc 1 17 0
  45 0010 0020     		movs	r0, #0
  46 0012 FFF7FEFF 		bl	Control_Write
  47              	.LVL2:
  18:main.c        ****     int time=0;
  19:main.c        ****     LCD_Start();
  48              		.loc 1 19 0
  49 0016 FFF7FEFF 		bl	LCD_Start
  50              	.LVL3:
  20:main.c        ****     LCD_Position(0,1);
  51              		.loc 1 20 0
  52 001a 0121     		movs	r1, #1
  53 001c 0020     		movs	r0, #0
  54 001e FFF7FEFF 		bl	LCD_Position
  55              	.LVL4:
  21:main.c        ****     LCD_PrintString("Putos");
  56              		.loc 1 21 0
  57 0022 1648     		ldr	r0, .L8
  58 0024 FFF7FEFF 		bl	LCD_PrintString
  59              	.LVL5:
  22:main.c        ****    
  23:main.c        ****     CyGlobalIntEnable; /* Enable global interrupts. */
  60              		.loc 1 23 0
  61              		.syntax unified
  62              	@ 23 "main.c" 1
  63 0028 62B6     		CPSIE   i
  64              	@ 0 "" 2
  24:main.c        **** 
  25:main.c        ****     /* Place your initialization/startup code here (e.g. MyInst_Start()) */
  26:main.c        ****     Control_Write(1);
  65              		.loc 1 26 0
  66              		.thumb
  67              		.syntax unified
  68 002a 0120     		movs	r0, #1
  69 002c FFF7FEFF 		bl	Control_Write
  70              	.LVL6:
  71              	.L2:
  27:main.c        ****     for(;;)
  28:main.c        ****     {
  29:main.c        ****  
  30:main.c        ****         time=0;
  31:main.c        ****         Slinea_SetDriveMode(Slinea_DM_STRONG);
  72              		.loc 1 31 0
  73 0030 0C20     		movs	r0, #12
  74 0032 FFF7FEFF 		bl	Slinea_SetDriveMode
  75              	.LVL7:
  32:main.c        ****         Slinea_Write(1);
  76              		.loc 1 32 0
  77 0036 0120     		movs	r0, #1
  78 0038 FFF7FEFF 		bl	Slinea_Write
  79              	.LVL8:
  33:main.c        ****         CyDelay(12u);
  80              		.loc 1 33 0
  81 003c 0C20     		movs	r0, #12
ARM GAS  C:\Users\jdrd3\AppData\Local\Temp\ccNlMRer.s 			page 3


  82 003e FFF7FEFF 		bl	CyDelay
  83              	.LVL9:
  34:main.c        ****         Slinea_SetDriveMode(Slinea_DM_DIG_HIZ);
  84              		.loc 1 34 0
  85 0042 0220     		movs	r0, #2
  86 0044 FFF7FEFF 		bl	Slinea_SetDriveMode
  87              	.LVL10:
  30:main.c        ****         Slinea_SetDriveMode(Slinea_DM_STRONG);
  88              		.loc 1 30 0
  89 0048 0024     		movs	r4, #0
  35:main.c        ****         while(Slinea_Read()){
  90              		.loc 1 35 0
  91 004a 00E0     		b	.L3
  92              	.LVL11:
  93              	.L4:
  36:main.c        ****            time=time+1;
  94              		.loc 1 36 0
  95 004c 0134     		adds	r4, r4, #1
  96              	.LVL12:
  97              	.L3:
  35:main.c        ****         while(Slinea_Read()){
  98              		.loc 1 35 0
  99 004e FFF7FEFF 		bl	Slinea_Read
 100              	.LVL13:
 101 0052 0028     		cmp	r0, #0
 102 0054 FAD1     		bne	.L4
  37:main.c        ****         }
  38:main.c        ****             Control_Write(0);
 103              		.loc 1 38 0
 104 0056 FFF7FEFF 		bl	Control_Write
 105              	.LVL14:
  39:main.c        ****         if(time<2500){
 106              		.loc 1 39 0
 107 005a 40F6C313 		movw	r3, #2499
 108 005e 9C42     		cmp	r4, r3
 109 0060 07DC     		bgt	.L5
  40:main.c        ****             Control_Write(0);
 110              		.loc 1 40 0
 111 0062 0020     		movs	r0, #0
 112 0064 FFF7FEFF 		bl	Control_Write
 113              	.LVL15:
  41:main.c        ****             // BLANCO
  42:main.c        ****             CyDelay(700);
 114              		.loc 1 42 0
 115 0068 4FF42F70 		mov	r0, #700
 116 006c FFF7FEFF 		bl	CyDelay
 117              	.LVL16:
 118 0070 DEE7     		b	.L2
 119              	.L5:
  43:main.c        ****             //CyDelay(2000);
  44:main.c        ****         }
  45:main.c        ****         else{
  46:main.c        ****           Control_Write(1);
 120              		.loc 1 46 0
 121 0072 0120     		movs	r0, #1
 122 0074 FFF7FEFF 		bl	Control_Write
 123              	.LVL17:
ARM GAS  C:\Users\jdrd3\AppData\Local\Temp\ccNlMRer.s 			page 4


 124 0078 DAE7     		b	.L2
 125              	.L9:
 126 007a 00BF     		.align	2
 127              	.L8:
 128 007c 00000000 		.word	.LC0
 129              		.cfi_endproc
 130              	.LFE63:
 131              		.size	main, .-main
 132              		.section	.rodata.str1.4,"aMS",%progbits,1
 133              		.align	2
 134              	.LC0:
 135 0000 5075746F 		.ascii	"Putos\000"
 135      7300
 136              		.text
 137              	.Letext0:
 138              		.file 2 "c:\\program files (x86)\\cypress\\psoc creator\\4.2\\psoc creator\\import\\gnu\\arm\\5.4.
 139              		.file 3 "c:\\program files (x86)\\cypress\\psoc creator\\4.2\\psoc creator\\import\\gnu\\arm\\5.4.
 140              		.file 4 "Generated_Source\\PSoC5/cytypes.h"
 141              		.file 5 "Generated_Source\\PSoC5/Control.h"
 142              		.file 6 "Generated_Source\\PSoC5/CyLib.h"
 143              		.file 7 "Generated_Source\\PSoC5/LCD.h"
 144              		.file 8 "Generated_Source\\PSoC5/Slinea.h"
 145              		.file 9 "Generated_Source\\PSoC5/core_cm3.h"
 146              		.section	.debug_info,"",%progbits
 147              	.Ldebug_info0:
 148 0000 5A020000 		.4byte	0x25a
 149 0004 0400     		.2byte	0x4
 150 0006 00000000 		.4byte	.Ldebug_abbrev0
 151 000a 04       		.byte	0x4
 152 000b 01       		.uleb128 0x1
 153 000c 8E000000 		.4byte	.LASF25
 154 0010 0C       		.byte	0xc
 155 0011 D1010000 		.4byte	.LASF26
 156 0015 17000000 		.4byte	.LASF27
 157 0019 00000000 		.4byte	.Ldebug_ranges0+0
 158 001d 00000000 		.4byte	0
 159 0021 00000000 		.4byte	.Ldebug_line0
 160 0025 02       		.uleb128 0x2
 161 0026 01       		.byte	0x1
 162 0027 06       		.byte	0x6
 163 0028 16020000 		.4byte	.LASF0
 164 002c 02       		.uleb128 0x2
 165 002d 01       		.byte	0x1
 166 002e 08       		.byte	0x8
 167 002f 80000000 		.4byte	.LASF1
 168 0033 02       		.uleb128 0x2
 169 0034 02       		.byte	0x2
 170 0035 05       		.byte	0x5
 171 0036 DD010000 		.4byte	.LASF2
 172 003a 02       		.uleb128 0x2
 173 003b 02       		.byte	0x2
 174 003c 07       		.byte	0x7
 175 003d 2E010000 		.4byte	.LASF3
 176 0041 03       		.uleb128 0x3
 177 0042 0D000000 		.4byte	.LASF9
 178 0046 02       		.byte	0x2
 179 0047 3F       		.byte	0x3f
ARM GAS  C:\Users\jdrd3\AppData\Local\Temp\ccNlMRer.s 			page 5


 180 0048 4C000000 		.4byte	0x4c
 181 004c 02       		.uleb128 0x2
 182 004d 04       		.byte	0x4
 183 004e 05       		.byte	0x5
 184 004f 01020000 		.4byte	.LASF4
 185 0053 02       		.uleb128 0x2
 186 0054 04       		.byte	0x4
 187 0055 07       		.byte	0x7
 188 0056 1C010000 		.4byte	.LASF5
 189 005a 02       		.uleb128 0x2
 190 005b 08       		.byte	0x8
 191 005c 05       		.byte	0x5
 192 005d C3010000 		.4byte	.LASF6
 193 0061 02       		.uleb128 0x2
 194 0062 08       		.byte	0x8
 195 0063 07       		.byte	0x7
 196 0064 83010000 		.4byte	.LASF7
 197 0068 04       		.uleb128 0x4
 198 0069 04       		.byte	0x4
 199 006a 05       		.byte	0x5
 200 006b 696E7400 		.ascii	"int\000"
 201 006f 02       		.uleb128 0x2
 202 0070 04       		.byte	0x4
 203 0071 07       		.byte	0x7
 204 0072 76010000 		.4byte	.LASF8
 205 0076 03       		.uleb128 0x3
 206 0077 68000000 		.4byte	.LASF10
 207 007b 03       		.byte	0x3
 208 007c 2C       		.byte	0x2c
 209 007d 41000000 		.4byte	0x41
 210 0081 05       		.uleb128 0x5
 211 0082 E7010000 		.4byte	.LASF11
 212 0086 04       		.byte	0x4
 213 0087 E401     		.2byte	0x1e4
 214 0089 2C000000 		.4byte	0x2c
 215 008d 02       		.uleb128 0x2
 216 008e 04       		.byte	0x4
 217 008f 04       		.byte	0x4
 218 0090 70000000 		.4byte	.LASF12
 219 0094 02       		.uleb128 0x2
 220 0095 08       		.byte	0x8
 221 0096 04       		.byte	0x4
 222 0097 4E010000 		.4byte	.LASF13
 223 009b 02       		.uleb128 0x2
 224 009c 01       		.byte	0x1
 225 009d 08       		.byte	0x8
 226 009e D8010000 		.4byte	.LASF14
 227 00a2 02       		.uleb128 0x2
 228 00a3 08       		.byte	0x8
 229 00a4 04       		.byte	0x4
 230 00a5 0A020000 		.4byte	.LASF15
 231 00a9 02       		.uleb128 0x2
 232 00aa 04       		.byte	0x4
 233 00ab 07       		.byte	0x7
 234 00ac BA010000 		.4byte	.LASF16
 235 00b0 06       		.uleb128 0x6
 236 00b1 55010000 		.4byte	.LASF28
ARM GAS  C:\Users\jdrd3\AppData\Local\Temp\ccNlMRer.s 			page 6


 237 00b5 01       		.byte	0x1
 238 00b6 0E       		.byte	0xe
 239 00b7 68000000 		.4byte	0x68
 240 00bb 00000000 		.4byte	.LFB63
 241 00bf 80000000 		.4byte	.LFE63-.LFB63
 242 00c3 01       		.uleb128 0x1
 243 00c4 9C       		.byte	0x9c
 244 00c5 F4010000 		.4byte	0x1f4
 245 00c9 07       		.uleb128 0x7
 246 00ca A7010000 		.4byte	.LASF29
 247 00ce 01       		.byte	0x1
 248 00cf 12       		.byte	0x12
 249 00d0 68000000 		.4byte	0x68
 250 00d4 00000000 		.4byte	.LLST0
 251 00d8 08       		.uleb128 0x8
 252 00d9 08000000 		.4byte	.LVL0
 253 00dd 05020000 		.4byte	0x205
 254 00e1 EB000000 		.4byte	0xeb
 255 00e5 09       		.uleb128 0x9
 256 00e6 01       		.uleb128 0x1
 257 00e7 50       		.byte	0x50
 258 00e8 01       		.uleb128 0x1
 259 00e9 31       		.byte	0x31
 260 00ea 00       		.byte	0
 261 00eb 08       		.uleb128 0x8
 262 00ec 10000000 		.4byte	.LVL1
 263 00f0 10020000 		.4byte	0x210
 264 00f4 00010000 		.4byte	0x100
 265 00f8 09       		.uleb128 0x9
 266 00f9 01       		.uleb128 0x1
 267 00fa 50       		.byte	0x50
 268 00fb 03       		.uleb128 0x3
 269 00fc 0A       		.byte	0xa
 270 00fd E803     		.2byte	0x3e8
 271 00ff 00       		.byte	0
 272 0100 08       		.uleb128 0x8
 273 0101 16000000 		.4byte	.LVL2
 274 0105 05020000 		.4byte	0x205
 275 0109 13010000 		.4byte	0x113
 276 010d 09       		.uleb128 0x9
 277 010e 01       		.uleb128 0x1
 278 010f 50       		.byte	0x50
 279 0110 01       		.uleb128 0x1
 280 0111 30       		.byte	0x30
 281 0112 00       		.byte	0
 282 0113 0A       		.uleb128 0xa
 283 0114 1A000000 		.4byte	.LVL3
 284 0118 1B020000 		.4byte	0x21b
 285 011c 08       		.uleb128 0x8
 286 011d 22000000 		.4byte	.LVL4
 287 0121 26020000 		.4byte	0x226
 288 0125 34010000 		.4byte	0x134
 289 0129 09       		.uleb128 0x9
 290 012a 01       		.uleb128 0x1
 291 012b 50       		.byte	0x50
 292 012c 01       		.uleb128 0x1
 293 012d 30       		.byte	0x30
ARM GAS  C:\Users\jdrd3\AppData\Local\Temp\ccNlMRer.s 			page 7


 294 012e 09       		.uleb128 0x9
 295 012f 01       		.uleb128 0x1
 296 0130 51       		.byte	0x51
 297 0131 01       		.uleb128 0x1
 298 0132 31       		.byte	0x31
 299 0133 00       		.byte	0
 300 0134 08       		.uleb128 0x8
 301 0135 28000000 		.4byte	.LVL5
 302 0139 31020000 		.4byte	0x231
 303 013d 4B010000 		.4byte	0x14b
 304 0141 09       		.uleb128 0x9
 305 0142 01       		.uleb128 0x1
 306 0143 50       		.byte	0x50
 307 0144 05       		.uleb128 0x5
 308 0145 03       		.byte	0x3
 309 0146 00000000 		.4byte	.LC0
 310 014a 00       		.byte	0
 311 014b 08       		.uleb128 0x8
 312 014c 30000000 		.4byte	.LVL6
 313 0150 05020000 		.4byte	0x205
 314 0154 5E010000 		.4byte	0x15e
 315 0158 09       		.uleb128 0x9
 316 0159 01       		.uleb128 0x1
 317 015a 50       		.byte	0x50
 318 015b 01       		.uleb128 0x1
 319 015c 31       		.byte	0x31
 320 015d 00       		.byte	0
 321 015e 08       		.uleb128 0x8
 322 015f 36000000 		.4byte	.LVL7
 323 0163 3C020000 		.4byte	0x23c
 324 0167 71010000 		.4byte	0x171
 325 016b 09       		.uleb128 0x9
 326 016c 01       		.uleb128 0x1
 327 016d 50       		.byte	0x50
 328 016e 01       		.uleb128 0x1
 329 016f 3C       		.byte	0x3c
 330 0170 00       		.byte	0
 331 0171 08       		.uleb128 0x8
 332 0172 3C000000 		.4byte	.LVL8
 333 0176 47020000 		.4byte	0x247
 334 017a 84010000 		.4byte	0x184
 335 017e 09       		.uleb128 0x9
 336 017f 01       		.uleb128 0x1
 337 0180 50       		.byte	0x50
 338 0181 01       		.uleb128 0x1
 339 0182 31       		.byte	0x31
 340 0183 00       		.byte	0
 341 0184 08       		.uleb128 0x8
 342 0185 42000000 		.4byte	.LVL9
 343 0189 10020000 		.4byte	0x210
 344 018d 97010000 		.4byte	0x197
 345 0191 09       		.uleb128 0x9
 346 0192 01       		.uleb128 0x1
 347 0193 50       		.byte	0x50
 348 0194 01       		.uleb128 0x1
 349 0195 3C       		.byte	0x3c
 350 0196 00       		.byte	0
ARM GAS  C:\Users\jdrd3\AppData\Local\Temp\ccNlMRer.s 			page 8


 351 0197 08       		.uleb128 0x8
 352 0198 48000000 		.4byte	.LVL10
 353 019c 3C020000 		.4byte	0x23c
 354 01a0 AA010000 		.4byte	0x1aa
 355 01a4 09       		.uleb128 0x9
 356 01a5 01       		.uleb128 0x1
 357 01a6 50       		.byte	0x50
 358 01a7 01       		.uleb128 0x1
 359 01a8 32       		.byte	0x32
 360 01a9 00       		.byte	0
 361 01aa 0A       		.uleb128 0xa
 362 01ab 52000000 		.4byte	.LVL13
 363 01af 52020000 		.4byte	0x252
 364 01b3 0A       		.uleb128 0xa
 365 01b4 5A000000 		.4byte	.LVL14
 366 01b8 05020000 		.4byte	0x205
 367 01bc 08       		.uleb128 0x8
 368 01bd 68000000 		.4byte	.LVL15
 369 01c1 05020000 		.4byte	0x205
 370 01c5 CF010000 		.4byte	0x1cf
 371 01c9 09       		.uleb128 0x9
 372 01ca 01       		.uleb128 0x1
 373 01cb 50       		.byte	0x50
 374 01cc 01       		.uleb128 0x1
 375 01cd 30       		.byte	0x30
 376 01ce 00       		.byte	0
 377 01cf 08       		.uleb128 0x8
 378 01d0 70000000 		.4byte	.LVL16
 379 01d4 10020000 		.4byte	0x210
 380 01d8 E4010000 		.4byte	0x1e4
 381 01dc 09       		.uleb128 0x9
 382 01dd 01       		.uleb128 0x1
 383 01de 50       		.byte	0x50
 384 01df 03       		.uleb128 0x3
 385 01e0 0A       		.byte	0xa
 386 01e1 BC02     		.2byte	0x2bc
 387 01e3 00       		.byte	0
 388 01e4 0B       		.uleb128 0xb
 389 01e5 78000000 		.4byte	.LVL17
 390 01e9 05020000 		.4byte	0x205
 391 01ed 09       		.uleb128 0x9
 392 01ee 01       		.uleb128 0x1
 393 01ef 50       		.byte	0x50
 394 01f0 01       		.uleb128 0x1
 395 01f1 31       		.byte	0x31
 396 01f2 00       		.byte	0
 397 01f3 00       		.byte	0
 398 01f4 0C       		.uleb128 0xc
 399 01f5 41010000 		.4byte	.LASF30
 400 01f9 09       		.byte	0x9
 401 01fa 1207     		.2byte	0x712
 402 01fc 00020000 		.4byte	0x200
 403 0200 0D       		.uleb128 0xd
 404 0201 76000000 		.4byte	0x76
 405 0205 0E       		.uleb128 0xe
 406 0206 AC010000 		.4byte	.LASF17
 407 020a AC010000 		.4byte	.LASF17
ARM GAS  C:\Users\jdrd3\AppData\Local\Temp\ccNlMRer.s 			page 9


 408 020e 05       		.byte	0x5
 409 020f 2F       		.byte	0x2f
 410 0210 0E       		.uleb128 0xe
 411 0211 22020000 		.4byte	.LASF18
 412 0215 22020000 		.4byte	.LASF18
 413 0219 06       		.byte	0x6
 414 021a 76       		.byte	0x76
 415 021b 0E       		.uleb128 0xe
 416 021c 76000000 		.4byte	.LASF19
 417 0220 76000000 		.4byte	.LASF19
 418 0224 07       		.byte	0x7
 419 0225 38       		.byte	0x38
 420 0226 0E       		.uleb128 0xe
 421 0227 9A010000 		.4byte	.LASF20
 422 022b 9A010000 		.4byte	.LASF20
 423 022f 07       		.byte	0x7
 424 0230 3D       		.byte	0x3d
 425 0231 0E       		.uleb128 0xe
 426 0232 5A010000 		.4byte	.LASF21
 427 0236 5A010000 		.4byte	.LASF21
 428 023a 07       		.byte	0x7
 429 023b 3C       		.byte	0x3c
 430 023c 0E       		.uleb128 0xe
 431 023d ED010000 		.4byte	.LASF22
 432 0241 ED010000 		.4byte	.LASF22
 433 0245 08       		.byte	0x8
 434 0246 27       		.byte	0x27
 435 0247 0E       		.uleb128 0xe
 436 0248 00000000 		.4byte	.LASF23
 437 024c 00000000 		.4byte	.LASF23
 438 0250 08       		.byte	0x8
 439 0251 26       		.byte	0x26
 440 0252 0E       		.uleb128 0xe
 441 0253 6A010000 		.4byte	.LASF24
 442 0257 6A010000 		.4byte	.LASF24
 443 025b 08       		.byte	0x8
 444 025c 29       		.byte	0x29
 445 025d 00       		.byte	0
 446              		.section	.debug_abbrev,"",%progbits
 447              	.Ldebug_abbrev0:
 448 0000 01       		.uleb128 0x1
 449 0001 11       		.uleb128 0x11
 450 0002 01       		.byte	0x1
 451 0003 25       		.uleb128 0x25
 452 0004 0E       		.uleb128 0xe
 453 0005 13       		.uleb128 0x13
 454 0006 0B       		.uleb128 0xb
 455 0007 03       		.uleb128 0x3
 456 0008 0E       		.uleb128 0xe
 457 0009 1B       		.uleb128 0x1b
 458 000a 0E       		.uleb128 0xe
 459 000b 55       		.uleb128 0x55
 460 000c 17       		.uleb128 0x17
 461 000d 11       		.uleb128 0x11
 462 000e 01       		.uleb128 0x1
 463 000f 10       		.uleb128 0x10
 464 0010 17       		.uleb128 0x17
ARM GAS  C:\Users\jdrd3\AppData\Local\Temp\ccNlMRer.s 			page 10


 465 0011 00       		.byte	0
 466 0012 00       		.byte	0
 467 0013 02       		.uleb128 0x2
 468 0014 24       		.uleb128 0x24
 469 0015 00       		.byte	0
 470 0016 0B       		.uleb128 0xb
 471 0017 0B       		.uleb128 0xb
 472 0018 3E       		.uleb128 0x3e
 473 0019 0B       		.uleb128 0xb
 474 001a 03       		.uleb128 0x3
 475 001b 0E       		.uleb128 0xe
 476 001c 00       		.byte	0
 477 001d 00       		.byte	0
 478 001e 03       		.uleb128 0x3
 479 001f 16       		.uleb128 0x16
 480 0020 00       		.byte	0
 481 0021 03       		.uleb128 0x3
 482 0022 0E       		.uleb128 0xe
 483 0023 3A       		.uleb128 0x3a
 484 0024 0B       		.uleb128 0xb
 485 0025 3B       		.uleb128 0x3b
 486 0026 0B       		.uleb128 0xb
 487 0027 49       		.uleb128 0x49
 488 0028 13       		.uleb128 0x13
 489 0029 00       		.byte	0
 490 002a 00       		.byte	0
 491 002b 04       		.uleb128 0x4
 492 002c 24       		.uleb128 0x24
 493 002d 00       		.byte	0
 494 002e 0B       		.uleb128 0xb
 495 002f 0B       		.uleb128 0xb
 496 0030 3E       		.uleb128 0x3e
 497 0031 0B       		.uleb128 0xb
 498 0032 03       		.uleb128 0x3
 499 0033 08       		.uleb128 0x8
 500 0034 00       		.byte	0
 501 0035 00       		.byte	0
 502 0036 05       		.uleb128 0x5
 503 0037 16       		.uleb128 0x16
 504 0038 00       		.byte	0
 505 0039 03       		.uleb128 0x3
 506 003a 0E       		.uleb128 0xe
 507 003b 3A       		.uleb128 0x3a
 508 003c 0B       		.uleb128 0xb
 509 003d 3B       		.uleb128 0x3b
 510 003e 05       		.uleb128 0x5
 511 003f 49       		.uleb128 0x49
 512 0040 13       		.uleb128 0x13
 513 0041 00       		.byte	0
 514 0042 00       		.byte	0
 515 0043 06       		.uleb128 0x6
 516 0044 2E       		.uleb128 0x2e
 517 0045 01       		.byte	0x1
 518 0046 3F       		.uleb128 0x3f
 519 0047 19       		.uleb128 0x19
 520 0048 03       		.uleb128 0x3
 521 0049 0E       		.uleb128 0xe
ARM GAS  C:\Users\jdrd3\AppData\Local\Temp\ccNlMRer.s 			page 11


 522 004a 3A       		.uleb128 0x3a
 523 004b 0B       		.uleb128 0xb
 524 004c 3B       		.uleb128 0x3b
 525 004d 0B       		.uleb128 0xb
 526 004e 27       		.uleb128 0x27
 527 004f 19       		.uleb128 0x19
 528 0050 49       		.uleb128 0x49
 529 0051 13       		.uleb128 0x13
 530 0052 8701     		.uleb128 0x87
 531 0054 19       		.uleb128 0x19
 532 0055 11       		.uleb128 0x11
 533 0056 01       		.uleb128 0x1
 534 0057 12       		.uleb128 0x12
 535 0058 06       		.uleb128 0x6
 536 0059 40       		.uleb128 0x40
 537 005a 18       		.uleb128 0x18
 538 005b 9742     		.uleb128 0x2117
 539 005d 19       		.uleb128 0x19
 540 005e 01       		.uleb128 0x1
 541 005f 13       		.uleb128 0x13
 542 0060 00       		.byte	0
 543 0061 00       		.byte	0
 544 0062 07       		.uleb128 0x7
 545 0063 34       		.uleb128 0x34
 546 0064 00       		.byte	0
 547 0065 03       		.uleb128 0x3
 548 0066 0E       		.uleb128 0xe
 549 0067 3A       		.uleb128 0x3a
 550 0068 0B       		.uleb128 0xb
 551 0069 3B       		.uleb128 0x3b
 552 006a 0B       		.uleb128 0xb
 553 006b 49       		.uleb128 0x49
 554 006c 13       		.uleb128 0x13
 555 006d 02       		.uleb128 0x2
 556 006e 17       		.uleb128 0x17
 557 006f 00       		.byte	0
 558 0070 00       		.byte	0
 559 0071 08       		.uleb128 0x8
 560 0072 898201   		.uleb128 0x4109
 561 0075 01       		.byte	0x1
 562 0076 11       		.uleb128 0x11
 563 0077 01       		.uleb128 0x1
 564 0078 31       		.uleb128 0x31
 565 0079 13       		.uleb128 0x13
 566 007a 01       		.uleb128 0x1
 567 007b 13       		.uleb128 0x13
 568 007c 00       		.byte	0
 569 007d 00       		.byte	0
 570 007e 09       		.uleb128 0x9
 571 007f 8A8201   		.uleb128 0x410a
 572 0082 00       		.byte	0
 573 0083 02       		.uleb128 0x2
 574 0084 18       		.uleb128 0x18
 575 0085 9142     		.uleb128 0x2111
 576 0087 18       		.uleb128 0x18
 577 0088 00       		.byte	0
 578 0089 00       		.byte	0
ARM GAS  C:\Users\jdrd3\AppData\Local\Temp\ccNlMRer.s 			page 12


 579 008a 0A       		.uleb128 0xa
 580 008b 898201   		.uleb128 0x4109
 581 008e 00       		.byte	0
 582 008f 11       		.uleb128 0x11
 583 0090 01       		.uleb128 0x1
 584 0091 31       		.uleb128 0x31
 585 0092 13       		.uleb128 0x13
 586 0093 00       		.byte	0
 587 0094 00       		.byte	0
 588 0095 0B       		.uleb128 0xb
 589 0096 898201   		.uleb128 0x4109
 590 0099 01       		.byte	0x1
 591 009a 11       		.uleb128 0x11
 592 009b 01       		.uleb128 0x1
 593 009c 31       		.uleb128 0x31
 594 009d 13       		.uleb128 0x13
 595 009e 00       		.byte	0
 596 009f 00       		.byte	0
 597 00a0 0C       		.uleb128 0xc
 598 00a1 34       		.uleb128 0x34
 599 00a2 00       		.byte	0
 600 00a3 03       		.uleb128 0x3
 601 00a4 0E       		.uleb128 0xe
 602 00a5 3A       		.uleb128 0x3a
 603 00a6 0B       		.uleb128 0xb
 604 00a7 3B       		.uleb128 0x3b
 605 00a8 05       		.uleb128 0x5
 606 00a9 49       		.uleb128 0x49
 607 00aa 13       		.uleb128 0x13
 608 00ab 3F       		.uleb128 0x3f
 609 00ac 19       		.uleb128 0x19
 610 00ad 3C       		.uleb128 0x3c
 611 00ae 19       		.uleb128 0x19
 612 00af 00       		.byte	0
 613 00b0 00       		.byte	0
 614 00b1 0D       		.uleb128 0xd
 615 00b2 35       		.uleb128 0x35
 616 00b3 00       		.byte	0
 617 00b4 49       		.uleb128 0x49
 618 00b5 13       		.uleb128 0x13
 619 00b6 00       		.byte	0
 620 00b7 00       		.byte	0
 621 00b8 0E       		.uleb128 0xe
 622 00b9 2E       		.uleb128 0x2e
 623 00ba 00       		.byte	0
 624 00bb 3F       		.uleb128 0x3f
 625 00bc 19       		.uleb128 0x19
 626 00bd 3C       		.uleb128 0x3c
 627 00be 19       		.uleb128 0x19
 628 00bf 6E       		.uleb128 0x6e
 629 00c0 0E       		.uleb128 0xe
 630 00c1 03       		.uleb128 0x3
 631 00c2 0E       		.uleb128 0xe
 632 00c3 3A       		.uleb128 0x3a
 633 00c4 0B       		.uleb128 0xb
 634 00c5 3B       		.uleb128 0x3b
 635 00c6 0B       		.uleb128 0xb
ARM GAS  C:\Users\jdrd3\AppData\Local\Temp\ccNlMRer.s 			page 13


 636 00c7 00       		.byte	0
 637 00c8 00       		.byte	0
 638 00c9 00       		.byte	0
 639              		.section	.debug_loc,"",%progbits
 640              	.Ldebug_loc0:
 641              	.LLST0:
 642 0000 16000000 		.4byte	.LVL2
 643 0004 4C000000 		.4byte	.LVL11
 644 0008 0200     		.2byte	0x2
 645 000a 30       		.byte	0x30
 646 000b 9F       		.byte	0x9f
 647 000c 4C000000 		.4byte	.LVL11
 648 0010 80000000 		.4byte	.LFE63
 649 0014 0100     		.2byte	0x1
 650 0016 54       		.byte	0x54
 651 0017 00000000 		.4byte	0
 652 001b 00000000 		.4byte	0
 653              		.section	.debug_aranges,"",%progbits
 654 0000 1C000000 		.4byte	0x1c
 655 0004 0200     		.2byte	0x2
 656 0006 00000000 		.4byte	.Ldebug_info0
 657 000a 04       		.byte	0x4
 658 000b 00       		.byte	0
 659 000c 0000     		.2byte	0
 660 000e 0000     		.2byte	0
 661 0010 00000000 		.4byte	.LFB63
 662 0014 80000000 		.4byte	.LFE63-.LFB63
 663 0018 00000000 		.4byte	0
 664 001c 00000000 		.4byte	0
 665              		.section	.debug_ranges,"",%progbits
 666              	.Ldebug_ranges0:
 667 0000 00000000 		.4byte	.LFB63
 668 0004 80000000 		.4byte	.LFE63
 669 0008 00000000 		.4byte	0
 670 000c 00000000 		.4byte	0
 671              		.section	.debug_line,"",%progbits
 672              	.Ldebug_line0:
 673 0000 A3010000 		.section	.debug_str,"MS",%progbits,1
 673      02007901 
 673      00000201 
 673      FB0E0D00 
 673      01010101 
 674              	.LASF23:
 675 0000 536C696E 		.ascii	"Slinea_Write\000"
 675      65615F57 
 675      72697465 
 675      00
 676              	.LASF9:
 677 000d 5F5F696E 		.ascii	"__int32_t\000"
 677      7433325F 
 677      7400
 678              	.LASF27:
 679 0017 433A5C55 		.ascii	"C:\\Users\\jdrd3\\Documents\\PSoC Creator\\Sensor-l"
 679      73657273 
 679      5C6A6472 
 679      64335C44 
 679      6F63756D 
ARM GAS  C:\Users\jdrd3\AppData\Local\Temp\ccNlMRer.s 			page 14


 680 0045 696E6561 		.ascii	"inea-QRT-1RC-PSOC5LP\\QRT-1RC.cydsn\000"
 680      2D515254 
 680      2D315243 
 680      2D50534F 
 680      43354C50 
 681              	.LASF10:
 682 0068 696E7433 		.ascii	"int32_t\000"
 682      325F7400 
 683              	.LASF12:
 684 0070 666C6F61 		.ascii	"float\000"
 684      7400
 685              	.LASF19:
 686 0076 4C43445F 		.ascii	"LCD_Start\000"
 686      53746172 
 686      7400
 687              	.LASF1:
 688 0080 756E7369 		.ascii	"unsigned char\000"
 688      676E6564 
 688      20636861 
 688      7200
 689              	.LASF25:
 690 008e 474E5520 		.ascii	"GNU C11 5.4.1 20160609 (release) [ARM/embedded-5-br"
 690      43313120 
 690      352E342E 
 690      31203230 
 690      31363036 
 691 00c1 616E6368 		.ascii	"anch revision 237715] -mcpu=cortex-m3 -mthumb -g -O"
 691      20726576 
 691      6973696F 
 691      6E203233 
 691      37373135 
 692 00f4 67202D66 		.ascii	"g -ffunction-sections -ffat-lto-objects\000"
 692      66756E63 
 692      74696F6E 
 692      2D736563 
 692      74696F6E 
 693              	.LASF5:
 694 011c 6C6F6E67 		.ascii	"long unsigned int\000"
 694      20756E73 
 694      69676E65 
 694      6420696E 
 694      7400
 695              	.LASF3:
 696 012e 73686F72 		.ascii	"short unsigned int\000"
 696      7420756E 
 696      7369676E 
 696      65642069 
 696      6E7400
 697              	.LASF30:
 698 0141 49544D5F 		.ascii	"ITM_RxBuffer\000"
 698      52784275 
 698      66666572 
 698      00
 699              	.LASF13:
 700 014e 646F7562 		.ascii	"double\000"
 700      6C6500
 701              	.LASF28:
ARM GAS  C:\Users\jdrd3\AppData\Local\Temp\ccNlMRer.s 			page 15


 702 0155 6D61696E 		.ascii	"main\000"
 702      00
 703              	.LASF21:
 704 015a 4C43445F 		.ascii	"LCD_PrintString\000"
 704      5072696E 
 704      74537472 
 704      696E6700 
 705              	.LASF24:
 706 016a 536C696E 		.ascii	"Slinea_Read\000"
 706      65615F52 
 706      65616400 
 707              	.LASF8:
 708 0176 756E7369 		.ascii	"unsigned int\000"
 708      676E6564 
 708      20696E74 
 708      00
 709              	.LASF7:
 710 0183 6C6F6E67 		.ascii	"long long unsigned int\000"
 710      206C6F6E 
 710      6720756E 
 710      7369676E 
 710      65642069 
 711              	.LASF20:
 712 019a 4C43445F 		.ascii	"LCD_Position\000"
 712      506F7369 
 712      74696F6E 
 712      00
 713              	.LASF29:
 714 01a7 74696D65 		.ascii	"time\000"
 714      00
 715              	.LASF17:
 716 01ac 436F6E74 		.ascii	"Control_Write\000"
 716      726F6C5F 
 716      57726974 
 716      6500
 717              	.LASF16:
 718 01ba 73697A65 		.ascii	"sizetype\000"
 718      74797065 
 718      00
 719              	.LASF6:
 720 01c3 6C6F6E67 		.ascii	"long long int\000"
 720      206C6F6E 
 720      6720696E 
 720      7400
 721              	.LASF26:
 722 01d1 6D61696E 		.ascii	"main.c\000"
 722      2E6300
 723              	.LASF14:
 724 01d8 63686172 		.ascii	"char\000"
 724      00
 725              	.LASF2:
 726 01dd 73686F72 		.ascii	"short int\000"
 726      7420696E 
 726      7400
 727              	.LASF11:
 728 01e7 75696E74 		.ascii	"uint8\000"
 728      3800
ARM GAS  C:\Users\jdrd3\AppData\Local\Temp\ccNlMRer.s 			page 16


 729              	.LASF22:
 730 01ed 536C696E 		.ascii	"Slinea_SetDriveMode\000"
 730      65615F53 
 730      65744472 
 730      6976654D 
 730      6F646500 
 731              	.LASF4:
 732 0201 6C6F6E67 		.ascii	"long int\000"
 732      20696E74 
 732      00
 733              	.LASF15:
 734 020a 6C6F6E67 		.ascii	"long double\000"
 734      20646F75 
 734      626C6500 
 735              	.LASF0:
 736 0216 7369676E 		.ascii	"signed char\000"
 736      65642063 
 736      68617200 
 737              	.LASF18:
 738 0222 43794465 		.ascii	"CyDelay\000"
 738      6C617900 
 739              		.ident	"GCC: (GNU Tools for ARM Embedded Processors) 5.4.1 20160609 (release) [ARM/embedded-5-bran
